<!DOCTYPE html PUBLIC "-//W3C//DTD XHTML 1.1//EN" "http://www.w3.org/TR/xhtml11/DTD/xhtml11.dtd">
<html xmlns="http://www.w3.org/1999/xhtml"><head><title>TestNG Report</title><style type="text/css">table {margin-bottom:10px;border-collapse:collapse;empty-cells:show}th,td {border:1px solid #009;padding:.25em .5em}th {vertical-align:bottom}td {vertical-align:top}table a {font-weight:bold}.stripe td {background-color: #E6EBF9}.num {text-align:right}.passedodd td {background-color: #3F3}.passedeven td {background-color: #0A0}.skippedodd td {background-color: #DDD}.skippedeven td {background-color: #CCC}.failedodd td,.attn {background-color: #F33}.failedeven td,.stripe .attn {background-color: #D00}.stacktrace {white-space:pre;font-family:monospace}.totop {font-size:85%;text-align:center;border-bottom:2px solid #000}</style></head><body><table><tr><th>Test</th><th># Passed</th><th># Skipped</th><th># Failed</th><th>Time (ms)</th><th>Included Groups</th><th>Excluded Groups</th></tr><tr><th colspan="7">PingSuite</th></tr><tr><td><a href="#t0">PingTest</a></td><td class="num">1</td><td class="num">0</td><td class="num">0</td><td class="num">3</td><td></td><td></td></tr><tr><th colspan="7">Amazon_Test1Suite</th></tr><tr class="stripe"><td><a href="#t1">Amazon_Test1Test</a></td><td class="num">2</td><td class="num">0</td><td class="num attn">1</td><td class="num">100,869</td><td></td><td></td></tr><tr><th>Total</th><th class="num">3</th><th class="num">0</th><th class="num attn">1</th><th class="num">100,872</th><th colspan="2"></th></tr></table><table><thead><tr><th>Class</th><th>Method</th><th>Start</th><th>Time (ms)</th></tr></thead><tbody><tr><th colspan="4">PingSuite</th></tr></tbody><tbody id="t0"><tr><th colspan="4">PingTest &#8212; passed</th></tr><tr class="passedeven"><td rowspan="1">iiitd.nrl.evalapp.PingUpload</td><td><a href="#m0">dummyTest</a></td><td rowspan="1">1634643681472</td><td rowspan="1">1</td></tr></tbody><tbody><tr><th colspan="4">Amazon_Test1Suite</th></tr></tbody><tbody id="t1"><tr><th colspan="4">Amazon_Test1Test &#8212; failed</th></tr><tr class="failedeven"><td rowspan="1">iiitd.nrl.evalapp.AmazonTests</td><td><a href="#m1">searchProduct</a></td><td rowspan="1">1634643647821</td><td rowspan="1">15410</td></tr><tr><th colspan="4">Amazon_Test1Test &#8212; passed</th></tr><tr class="passedeven"><td rowspan="1">iiitd.nrl.evalapp.TrakBytesData</td><td><a href="#m2">copyTrakBytes</a></td><td rowspan="1">1634643628196</td><td rowspan="1">6873</td></tr><tr class="passedodd"><td rowspan="1">iiitd.nrl.evalapp.TrakBytesUpload</td><td><a href="#m3">copyTrakBytes</a></td><td rowspan="1">1634643675261</td><td rowspan="1">4823</td></tr></tbody></table><h2>PingTest</h2><h3 id="m0">iiitd.nrl.evalapp.PingUpload#dummyTest</h3><table class="result"></table><p class="totop"><a href="#summary">back to summary</a></p><h2>Amazon_Test1Test</h2><h3 id="m1">iiitd.nrl.evalapp.AmazonTests#searchProduct</h3><table class="result"><tr><th>Exception</th></tr><tr><td><div class="stacktrace">org.openqa.selenium.TimeoutException: Expected condition failed: waiting for visibility of element located by By.id: in.amazon.mShop.android.shopping:id/chrome_search_hint_view (tried for 15 second(s) with 500 milliseconds interval)
	at org.openqa.selenium.support.ui.WebDriverWait.timeoutException(WebDriverWait.java:95)
	at org.openqa.selenium.support.ui.FluentWait.until(FluentWait.java:272)
	at iiitd.nrl.evalapp.AmazonTests.searchProduct(AmazonTests.java:106)
	at iiitd.nrl.evalapp.MainLauncher.main(MainLauncher.java:232)
Caused by: org.openqa.selenium.NoSuchElementException: An element could not be located on the page using the given search parameters.
For documentation on this error, please visit: https://www.seleniumhq.org/exceptions/no_such_element.html
Build info: version: &apos;3.141.59&apos;, revision: &apos;e82be7d358&apos;, time: &apos;2018-11-14T08:17:03&apos;
System info: host: &apos;DESKTOP-FU6EMRP&apos;, ip: &apos;192.168.56.1&apos;, os.name: &apos;Windows 10&apos;, os.arch: &apos;amd64&apos;, os.version: &apos;10.0&apos;, java.version: &apos;11.0.12&apos;
Driver info: io.appium.java_client.android.AndroidDriver
Capabilities {appActivity: com.amazon.mShop.android.ho..., appPackage: in.amazon.mShop.android.sho..., autoAcceptAlerts: true, autoGrantPermissions: true, databaseEnabled: false, desired: {appActivity: com.amazon.mShop.android.ho..., appPackage: in.amazon.mShop.android.sho..., autoAcceptAlerts: true, autoGrantPermissions: true, fullReset: false, noReset: true, platformName: android, uiautomator2ServerInstallTimeout: 60000}, deviceApiLevel: 29, deviceManufacturer: INFINIX MOBILITY LIMITED, deviceModel: Infinix X655F, deviceName: 0526532073000334, deviceScreenDensity: 320, deviceScreenSize: 720x1600, deviceUDID: 0526532073000334, fullReset: false, javascriptEnabled: true, locationContextEnabled: false, networkConnectionEnabled: true, noReset: true, pixelRatio: 2, platform: LINUX, platformName: Android, platformVersion: 10, statBarHeight: 80, takesScreenshot: true, uiautomator2ServerInstallTimeout: 60000, viewportRect: {height: 1344, left: 0, top: 80, width: 720}, warnings: {}, webStorageEnabled: false}
Session ID: e2d5ea84-e9a7-4c4c-a65e-4f2570bc6146
*** Element info: {Using=id, value=in.amazon.mShop.android.shopping:id/chrome_search_hint_view}
	at org.openqa.selenium.remote.http.W3CHttpResponseCodec.createException(W3CHttpResponseCodec.java:187)
	at org.openqa.selenium.remote.http.W3CHttpResponseCodec.decode(W3CHttpResponseCodec.java:122)
	at org.openqa.selenium.remote.http.W3CHttpResponseCodec.decode(W3CHttpResponseCodec.java:49)
	at org.openqa.selenium.remote.HttpCommandExecutor.execute(HttpCommandExecutor.java:158)
	at io.appium.java_client.remote.AppiumCommandExecutor.execute(AppiumCommandExecutor.java:239)
	at org.openqa.selenium.remote.RemoteWebDriver.execute(RemoteWebDriver.java:552)
	at io.appium.java_client.DefaultGenericMobileDriver.execute(DefaultGenericMobileDriver.java:41)
	at io.appium.java_client.AppiumDriver.execute(AppiumDriver.java:1)
	at io.appium.java_client.android.AndroidDriver.execute(AndroidDriver.java:1)
	at org.openqa.selenium.remote.RemoteWebDriver.findElement(RemoteWebDriver.java:323)
	at io.appium.java_client.DefaultGenericMobileDriver.findElement(DefaultGenericMobileDriver.java:61)
	at io.appium.java_client.AppiumDriver.findElement(AppiumDriver.java:1)
	at io.appium.java_client.android.AndroidDriver.findElement(AndroidDriver.java:1)
	at org.openqa.selenium.remote.RemoteWebDriver.findElementById(RemoteWebDriver.java:372)
	at io.appium.java_client.DefaultGenericMobileDriver.findElementById(DefaultGenericMobileDriver.java:69)
	at io.appium.java_client.AppiumDriver.findElementById(AppiumDriver.java:1)
	at io.appium.java_client.android.AndroidDriver.findElementById(AndroidDriver.java:1)
	at org.openqa.selenium.By$ById.findElement(By.java:188)
	at org.openqa.selenium.remote.RemoteWebDriver.findElement(RemoteWebDriver.java:315)
	at io.appium.java_client.DefaultGenericMobileDriver.findElement(DefaultGenericMobileDriver.java:57)
	at io.appium.java_client.AppiumDriver.findElement(AppiumDriver.java:1)
	at io.appium.java_client.android.AndroidDriver.findElement(AndroidDriver.java:1)
	at org.openqa.selenium.support.ui.ExpectedConditions$7.apply(ExpectedConditions.java:205)
	at org.openqa.selenium.support.ui.ExpectedConditions$7.apply(ExpectedConditions.java:201)
	at org.openqa.selenium.support.ui.FluentWait.until(FluentWait.java:249)
	... 24 more
... Removed 25 stack frames</div></td></tr></table><p class="totop"><a href="#summary">back to summary</a></p><h3 id="m2">iiitd.nrl.evalapp.TrakBytesData#copyTrakBytes</h3><table class="result"></table><p class="totop"><a href="#summary">back to summary</a></p><h3 id="m3">iiitd.nrl.evalapp.TrakBytesUpload#copyTrakBytes</h3><table class="result"></table><p class="totop"><a href="#summary">back to summary</a></p></body></html>